<?xml version="1.0" encoding="UTF-8"?>
<!-- Generated by org.testng.reporters.JUnitReportReporter -->
<testsuite hostname="tvc-win81" name="demo1elenium.Selenium" tests="1" failures="0" timestamp="3 Oct 2018 14:59:39 GMT" time="0.015" errors="0">
  <testcase name="testJenkins" time="0.015" classname="demo1elenium.Selenium"/>
</testsuite> <!-- demo1elenium.Selenium -->
